# JRE version: Java(TM) SE Runtime Environment (13.0.1+9) (build 13.0.1+9)
# Java VM: Java HotSpot(TM) 64-Bit Server VM (13.0.1+9, mixed mode, sharing, tiered, compressed oops, g1 gc, windows-amd64)
Heap:
 garbage-first heap   total 45056K, used 29820K [0x0000000701e00000, 0x0000000800000000)
  region size 1024K, 17 young (17408K), 2 survivors (2048K)
 Metaspace       used 30409K, capacity 31837K, committed 32000K, reserved 1077248K
  class space    used 4010K, capacity 4537K, committed 4608K, reserved 1048576K
GC Heap History (20 events):
Event: 871.493 GC heap after
{Heap after GC invocations=10 (full 1):
 garbage-first heap   total 45056K, used 13640K [0x0000000701e00000, 0x0000000800000000)
  region size 1024K, 2 young (2048K), 2 survivors (2048K)
 Metaspace       used 29710K, capacity 30844K, committed 30976K, reserved 1075200K
  class space    used 3920K, capacity 4349K, committed 4352K, reserved 1048576K
}
Event: 871.521 GC heap before
{Heap before GC invocations=10 (full 1):
 garbage-first heap   total 45056K, used 13640K [0x0000000701e00000, 0x0000000800000000)
  region size 1024K, 3 young (3072K), 2 survivors (2048K)
 Metaspace       used 29714K, capacity 30850K, committed 30976K, reserved 1075200K
  class space    used 3921K, capacity 4351K, committed 4352K, reserved 1048576K
}
Event: 871.543 GC heap after
{Heap after GC invocations=11 (full 2):
 garbage-first heap   total 45056K, used 13020K [0x0000000701e00000, 0x0000000800000000)
  region size 1024K, 0 young (0K), 0 survivors (0K)
 Metaspace       used 29714K, capacity 30850K, committed 30976K, reserved 1075200K
  class space    used 3921K, capacity 4351K, committed 4352K, reserved 1048576K
}
Event: 871.931 GC heap before
{Heap before GC invocations=11 (full 2):
 garbage-first heap   total 45056K, used 32476K [0x0000000701e00000, 0x0000000800000000)
  region size 1024K, 20 young (20480K), 0 survivors (0K)
 Metaspace       used 29736K, capacity 30879K, committed 31104K, reserved 1075200K
  class space    used 3925K, capacity 4357K, committed 4480K, reserved 1048576K
}
Event: 871.933 GC heap after
{Heap after GC invocations=12 (full 2):
 garbage-first heap   total 45056K, used 14044K [0x0000000701e00000, 0x0000000800000000)
  region size 1024K, 1 young (1024K), 1 survivors (1024K)
 Metaspace       used 29736K, capacity 30879K, committed 31104K, reserved 1075200K
  class space    used 3925K, capacity 4357K, committed 4480K, reserved 1048576K
}
Event: 977.332 GC heap before
{Heap before GC invocations=12 (full 2):
 garbage-first heap   total 45056K, used 29404K [0x0000000701e00000, 0x0000000800000000)
  region size 1024K, 17 young (17408K), 1 survivors (1024K)
 Metaspace       used 29824K, capacity 30989K, committed 31104K, reserved 1075200K
  class space    used 3935K, capacity 4374K, committed 4480K, reserved 1048576K
}
Event: 977.383 GC heap after
{Heap after GC invocations=13 (full 3):
 garbage-first heap   total 45056K, used 13091K [0x0000000701e00000, 0x0000000800000000)
  region size 1024K, 0 young (0K), 0 survivors (0K)
 Metaspace       used 29821K, capacity 30983K, committed 31104K, reserved 1075200K
  class space    used 3935K, capacity 4372K, committed 4480K, reserved 1048576K
}
Event: 977.952 GC heap before
{Heap before GC invocations=13 (full 3):
 garbage-first heap   total 45056K, used 33571K [0x0000000701e00000, 0x0000000800000000)
  region size 1024K, 20 young (20480K), 0 survivors (0K)
 Metaspace       used 29851K, capacity 31024K, committed 31360K, reserved 1077248K
  class space    used 3941K, capacity 4383K, committed 4480K, reserved 1048576K
}
Event: 977.954 GC heap after
{Heap after GC invocations=14 (full 3):
 garbage-first heap   total 45056K, used 14150K [0x0000000701e00000, 0x0000000800000000)
  region size 1024K, 2 young (2048K), 2 survivors (2048K)
 Metaspace       used 29851K, capacity 31024K, committed 31360K, reserved 1077248K
  class space    used 3941K, capacity 4383K, committed 4480K, reserved 1048576K
}
Event: 1150.435 GC heap before
{Heap before GC invocations=14 (full 3):
 garbage-first heap   total 45056K, used 33606K [0x0000000701e00000, 0x0000000800000000)
  region size 1024K, 21 young (21504K), 2 survivors (2048K)
 Metaspace       used 30127K, capacity 31377K, committed 31616K, reserved 1077248K
  class space    used 3979K, capacity 4432K, committed 4480K, reserved 1048576K
}
Event: 1150.443 GC heap after
{Heap after GC invocations=15 (full 3):
 garbage-first heap   total 45056K, used 15031K [0x0000000701e00000, 0x0000000800000000)
  region size 1024K, 2 young (2048K), 2 survivors (2048K)
 Metaspace       used 30127K, capacity 31377K, committed 31616K, reserved 1077248K
  class space    used 3979K, capacity 4432K, committed 4480K, reserved 1048576K
}
Event: 1420.294 GC heap before
{Heap before GC invocations=15 (full 3):
 garbage-first heap   total 45056K, used 25271K [0x0000000701e00000, 0x0000000800000000)
  region size 1024K, 13 young (13312K), 2 survivors (2048K)
 Metaspace       used 30169K, capacity 31385K, committed 31616K, reserved 1077248K
  class space    used 3982K, capacity 4436K, committed 4480K, reserved 1048576K
}
Event: 1420.341 GC heap after
{Heap after GC invocations=16 (full 4):
 garbage-first heap   total 45056K, used 12451K [0x0000000701e00000, 0x0000000800000000)
  region size 1024K, 0 young (0K), 0 survivors (0K)
 Metaspace       used 30163K, capacity 31373K, committed 31616K, reserved 1077248K
  class space    used 3981K, capacity 4432K, committed 4480K, reserved 1048576K
}
Event: 1420.986 GC heap before
{Heap before GC invocations=16 (full 4):
 garbage-first heap   total 45056K, used 32931K [0x0000000701e00000, 0x0000000800000000)
  region size 1024K, 21 young (21504K), 0 survivors (0K)
 Metaspace       used 30192K, capacity 31457K, committed 31616K, reserved 1077248K
  class space    used 3983K, capacity 4436K, committed 4480K, reserved 1048576K
}
Event: 1420.988 GC heap after
{Heap after GC invocations=17 (full 4):
 garbage-first heap   total 45056K, used 13685K [0x0000000701e00000, 0x0000000800000000)
  region size 1024K, 2 young (2048K), 2 survivors (2048K)
 Metaspace       used 30192K, capacity 31457K, committed 31616K, reserved 1077248K
  class space    used 3983K, capacity 4436K, committed 4480K, reserved 1048576K
}
Event: 1461.716 GC heap before
{Heap before GC invocations=17 (full 4):
 garbage-first heap   total 45056K, used 24949K [0x0000000701e00000, 0x0000000800000000)
  region size 1024K, 14 young (14336K), 2 survivors (2048K)
 Metaspace       used 30261K, capacity 31569K, committed 31616K, reserved 1077248K
  class space    used 3991K, capacity 4476K, committed 4480K, reserved 1048576K
}
Event: 1461.767 GC heap after
{Heap after GC invocations=18 (full 5):
 garbage-first heap   total 45056K, used 13369K [0x0000000701e00000, 0x0000000800000000)
  region size 1024K, 0 young (0K), 0 survivors (0K)
 Metaspace       used 30261K, capacity 31569K, committed 31616K, reserved 1077248K
  class space    used 3991K, capacity 4476K, committed 4480K, reserved 1048576K
}
Event: 1462.258 GC heap before
{Heap before GC invocations=18 (full 5):
 garbage-first heap   total 45056K, used 33849K [0x0000000701e00000, 0x0000000800000000)
  region size 1024K, 21 young (21504K), 0 survivors (0K)
 Metaspace       used 30315K, capacity 31692K, committed 32000K, reserved 1077248K
  class space    used 3998K, capacity 4489K, committed 4608K, reserved 1048576K
}
Event: 1462.260 GC heap after
{Heap after GC invocations=19 (full 5):
 garbage-first heap   total 45056K, used 14634K [0x0000000701e00000, 0x0000000800000000)
  region size 1024K, 2 young (2048K), 2 survivors (2048K)
 Metaspace       used 30315K, capacity 31692K, committed 32000K, reserved 1077248K
  class space    used 3998K, capacity 4489K, committed 4608K, reserved 1048576K
}
Event: 1550.075 GC heap before
{Heap before GC invocations=19 (full 5):
 garbage-first heap   total 45056K, used 28970K [0x0000000701e00000, 0x0000000800000000)
  region size 1024K, 17 young (17408K), 2 survivors (2048K)
 Metaspace       used 30409K, capacity 31837K, committed 32000K, reserved 1077248K
  class space    used 4010K, capacity 4537K, committed 4608K, reserved 1048576K
}

